0 info it worked if it ends with ok
1 verbose cli [ '/usr/local/bin/node',
1 verbose cli   '/usr/local/bin/npm',
1 verbose cli   'install',
1 verbose cli   'passport-user-local' ]
2 info using npm@1.4.28
3 info using node@v0.10.36
4 warn package.json authentication_service@1.0.0 No description
5 warn package.json authentication_service@1.0.0 No repository field.
6 warn package.json authentication_service@1.0.0 No README data
7 verbose readDependencies using package.json deps
8 verbose cache add [ 'passport-user-local', null ]
9 verbose cache add name=undefined spec="passport-user-local" args=["passport-user-local",null]
10 verbose parsed url { protocol: null,
10 verbose parsed url   slashes: null,
10 verbose parsed url   auth: null,
10 verbose parsed url   host: null,
10 verbose parsed url   port: null,
10 verbose parsed url   hostname: null,
10 verbose parsed url   hash: null,
10 verbose parsed url   search: null,
10 verbose parsed url   query: null,
10 verbose parsed url   pathname: 'passport-user-local',
10 verbose parsed url   path: 'passport-user-local',
10 verbose parsed url   href: 'passport-user-local' }
11 silly lockFile 4b975dae-passport-user-local passport-user-local
12 verbose lock passport-user-local /Users/siddharthravichandran/.npm/4b975dae-passport-user-local.lock
13 silly lockFile 4b975dae-passport-user-local passport-user-local
14 silly lockFile 4b975dae-passport-user-local passport-user-local
15 verbose addNamed [ 'passport-user-local', '' ]
16 verbose addNamed [ null, '*' ]
17 silly lockFile 5ef45bee-passport-user-local passport-user-local@
18 verbose lock passport-user-local@ /Users/siddharthravichandran/.npm/5ef45bee-passport-user-local.lock
19 silly addNameRange { name: 'passport-user-local', range: '*', hasData: false }
20 verbose request where is /passport-user-local
21 verbose request registry https://registry.npmjs.org/
22 verbose request id da068b93a3ccd46d
23 verbose url raw /passport-user-local
24 verbose url resolving [ 'https://registry.npmjs.org/', './passport-user-local' ]
25 verbose url resolved https://registry.npmjs.org/passport-user-local
26 verbose request where is https://registry.npmjs.org/passport-user-local
27 info trying registry request attempt 1 at 16:44:42
28 http GET https://registry.npmjs.org/passport-user-local
29 http 404 https://registry.npmjs.org/passport-user-local
30 verbose headers { server: 'CouchDB/1.5.0 (Erlang OTP/R16B03)',
30 verbose headers   'content-type': 'application/json',
30 verbose headers   'cache-control': 'max-age=0',
30 verbose headers   'content-length': '51',
30 verbose headers   'accept-ranges': 'bytes',
30 verbose headers   date: 'Mon, 15 Jun 2015 11:14:45 GMT',
30 verbose headers   via: '1.1 varnish',
30 verbose headers   age: '0',
30 verbose headers   connection: 'keep-alive',
30 verbose headers   'x-served-by': 'cache-ams4142-AMS',
30 verbose headers   'x-cache': 'MISS',
30 verbose headers   'x-cache-hits': '0',
30 verbose headers   'x-timer': 'S1434366885.199747,VS0,VE680' }
31 silly registry.get cb [ 404,
31 silly registry.get   { server: 'CouchDB/1.5.0 (Erlang OTP/R16B03)',
31 silly registry.get     'content-type': 'application/json',
31 silly registry.get     'cache-control': 'max-age=0',
31 silly registry.get     'content-length': '51',
31 silly registry.get     'accept-ranges': 'bytes',
31 silly registry.get     date: 'Mon, 15 Jun 2015 11:14:45 GMT',
31 silly registry.get     via: '1.1 varnish',
31 silly registry.get     age: '0',
31 silly registry.get     connection: 'keep-alive',
31 silly registry.get     'x-served-by': 'cache-ams4142-AMS',
31 silly registry.get     'x-cache': 'MISS',
31 silly registry.get     'x-cache-hits': '0',
31 silly registry.get     'x-timer': 'S1434366885.199747,VS0,VE680' } ]
32 silly lockFile 5ef45bee-passport-user-local passport-user-local@
33 silly lockFile 5ef45bee-passport-user-local passport-user-local@
34 error 404 404 Not Found: passport-user-local
34 error 404
34 error 404 'passport-user-local' is not in the npm registry.
34 error 404 You should bug the author to publish it
34 error 404 It was specified as a dependency of 'authentication_service'
34 error 404
34 error 404 Note that you can also install from a
34 error 404 tarball, folder, or http url, or git url.
35 error System Darwin 14.3.0
36 error command "/usr/local/bin/node" "/usr/local/bin/npm" "install" "passport-user-local"
37 error cwd /Users/siddharthravichandran/node_apps/microservices_apps/ecommerce_prototype/authentication_service
38 error node -v v0.10.36
39 error npm -v 1.4.28
40 error code E404
41 verbose exit [ 1, true ]
